Using pre-set license
Built from '2022.3/china_unity/release' branch; Version is '2022.3.9f1c1 (2ad9a3c9b3f3) revision 2808227'; Using compiler version '192829333'; Build Type 'Release'
OS: 'Windows 11  (10.0.22631) 64bit CoreCountrySpecific' Language: 'zh' Physical Memory: 16236 MB
BatchMode: 1, IsHumanControllingUs: 0, StartBugReporterOnCrash: 0, Is64bit: 1, IsPro: 1

COMMAND LINE ARGUMENTS:
D:\unity\2022.3.9f1c1\Editor\Unity.exe
-adb2
-batchMode
-noUpm
-name
AssetImportWorker8
-projectPath
D:/xuniAR/Ar/Ar
-logFile
Logs/AssetImportWorker8.log
-srvPort
50755
Successfully changed project path to: D:/xuniAR/Ar/Ar
D:/xuniAR/Ar/Ar
[UnityMemory] Configuration Parameters - Can be set up in boot.config
    "memorysetup-bucket-allocator-granularity=16"
    "memorysetup-bucket-allocator-bucket-count=8"
    "memorysetup-bucket-allocator-block-size=33554432"
    "memorysetup-bucket-allocator-block-count=8"
    "memorysetup-main-allocator-block-size=16777216"
    "memorysetup-thread-allocator-block-size=16777216"
    "memorysetup-gfx-main-allocator-block-size=16777216"
    "memorysetup-gfx-thread-allocator-block-size=16777216"
    "memorysetup-cache-allocator-block-size=4194304"
    "memorysetup-typetree-allocator-block-size=2097152"
    "memorysetup-profiler-bucket-allocator-granularity=16"
    "memorysetup-profiler-bucket-allocator-bucket-count=8"
    "memorysetup-profiler-bucket-allocator-block-size=33554432"
    "memorysetup-profiler-bucket-allocator-block-count=8"
    "memorysetup-profiler-allocator-block-size=16777216"
    "memorysetup-profiler-editor-allocator-block-size=1048576"
    "memorysetup-temp-allocator-size-main=16777216"
    "memorysetup-job-temp-allocator-block-size=2097152"
    "memorysetup-job-temp-allocator-block-size-background=1048576"
    "memorysetup-job-temp-allocator-reduction-small-platforms=262144"
    "memorysetup-allocator-temp-initial-block-size-main=262144"
    "memorysetup-allocator-temp-initial-block-size-worker=262144"
    "memorysetup-temp-allocator-size-background-worker=32768"
    "memorysetup-temp-allocator-size-job-worker=262144"
    "memorysetup-temp-allocator-size-preload-manager=33554432"
    "memorysetup-temp-allocator-size-nav-mesh-worker=65536"
    "memorysetup-temp-allocator-size-audio-worker=65536"
    "memorysetup-temp-allocator-size-cloud-worker=32768"
    "memorysetup-temp-allocator-size-gi-baking-worker=262144"
    "memorysetup-temp-allocator-size-gfx=262144"
Player connection [26356] Host "[IP] 192.168.56.1 [Port] 0 [Flags] 2 [Guid] 3837124484 [EditorId] 3837124484 [Version] 1048832 [Id] WindowsEditor(7,抠鼻屎的小熊) [Debug] 1 [PackageName] WindowsEditor [ProjectName] Editor" joined multi-casting on [225.0.0.222:54997]...

Player connection [26356] Host "[IP] 192.168.56.1 [Port] 0 [Flags] 2 [Guid] 3837124484 [EditorId] 3837124484 [Version] 1048832 [Id] WindowsEditor(7,抠鼻屎的小熊) [Debug] 1 [PackageName] WindowsEditor [ProjectName] Editor" joined alternative multi-casting on [225.0.0.222:34997]...

[Physics::Module] Initialized MultithreadedJobDispatcher with 15 workers.
Refreshing native plugins compatible for Editor in 185.59 ms, found 6 plugins.
Preloading 2 native plugins for Editor in 9.87 ms.
Initialize engine version: 2022.3.9f1c1 (2ad9a3c9b3f3)
[Subsystems] Discovering subsystems at path D:/unity/2022.3.9f1c1/Editor/Data/Resources/UnitySubsystems
[Subsystems] Discovering subsystems at path D:/xuniAR/Ar/Ar/Assets
GfxDevice: creating device client; threaded=0; jobified=0
Direct3D:
    Version:  Direct3D 11.0 [level 11.1]
    Renderer: NVIDIA GeForce RTX 3050 Laptop GPU (ID=0x25e2)
    Vendor:   NVIDIA
    VRAM:     3977 MB
    Driver:   31.0.15.4630
Initialize mono
Mono path[0] = 'D:/unity/2022.3.9f1c1/Editor/Data/Managed'
Mono path[1] = 'D:/unity/2022.3.9f1c1/Editor/Data/MonoBleedingEdge/lib/mono/unityjit-win32'
Mono config path = 'D:/unity/2022.3.9f1c1/Editor/Data/MonoBleedingEdge/etc'
Using monoOptions --debugger-agent=transport=dt_socket,embedding=1,server=y,suspend=n,address=127.0.0.1:56420
Begin MonoManager ReloadAssembly
Registering precompiled unity dll's ...
Register platform support module: D:/unity/2022.3.9f1c1/Editor/Data/PlaybackEngines/AndroidPlayer/UnityEditor.Android.Extensions.dll
Register platform support module: D:/unity/2022.3.9f1c1/Editor/Data/PlaybackEngines/WindowsStandaloneSupport/UnityEditor.WindowsStandalone.Extensions.dll
Registered in 0.077060 seconds.
- Loaded All Assemblies, in  1.487 seconds
Native extension for WindowsStandalone target not found
Native extension for Android target not found
Android Extension - Scanning For ADB Devices 500 ms
Mono: successfully reloaded assembly
- Finished resetting the current domain, in  1.129 seconds
Domain Reload Profiling: 2566ms
	BeginReloadAssembly (639ms)
		ExecutionOrderSort (0ms)
		DisableScriptedObjects (0ms)
		BackupInstance (0ms)
		ReleaseScriptingObjects (0ms)
		CreateAndSetChildDomain (1ms)
	RebuildCommonClasses (82ms)
	RebuildNativeTypeToScriptingClass (15ms)
	initialDomainReloadingComplete (277ms)
	LoadAllAssembliesAndSetupDomain (423ms)
		LoadAssemblies (605ms)
		RebuildTransferFunctionScriptingTraits (0ms)
		AnalyzeDomain (409ms)
			TypeCache.Refresh (407ms)
				TypeCache.ScanAssembly (370ms)
			ScanForSourceGeneratedMonoScriptInfo (1ms)
			ResolveRequiredComponents (1ms)
	FinalizeReload (1130ms)
		ReleaseScriptCaches (0ms)
		RebuildScriptCaches (0ms)
		SetupLoadedEditorAssemblies (1028ms)
			LogAssemblyErrors (0ms)
			InitializePlatformSupportModulesInManaged (762ms)
			SetLoadedEditorAssemblies (5ms)
			RefreshPlugins (0ms)
			BeforeProcessingInitializeOnLoad (3ms)
			ProcessInitializeOnLoadAttributes (164ms)
			ProcessInitializeOnLoadMethodAttributes (93ms)
			AfterProcessingInitializeOnLoad (0ms)
			EditorAssembliesLoaded (0ms)
		ExecutionOrderSort2 (0ms)
		AwakeInstancesAfterBackupRestoration (0ms)
========================================================================
Worker process is ready to serve import requests
Begin MonoManager ReloadAssembly
Symbol file LoadedFromMemory is not a mono symbol file
- Loaded All Assemblies, in  1.715 seconds
Refreshing native plugins compatible for Editor in 59.55 ms, found 6 plugins.
Native extension for WindowsStandalone target not found
Native extension for Android target not found
Package Manager log level set to [2]
[Package Manager] Server::EnsureServerProcessIsRunning -- launch failed, reason: Unity was launched with the -noUpm command-line argument
[Package Manager] UpmClient::Send -- Unable to send message (not connected to UPM process).
[Package Manager] Cannot connect to Unity Package Manager local server
Mono: successfully reloaded assembly
- Finished resetting the current domain, in  1.022 seconds
Domain Reload Profiling: 2678ms
	BeginReloadAssembly (376ms)
		ExecutionOrderSort (0ms)
		DisableScriptedObjects (6ms)
		BackupInstance (0ms)
		ReleaseScriptingObjects (0ms)
		CreateAndSetChildDomain (26ms)
	RebuildCommonClasses (53ms)
	RebuildNativeTypeToScriptingClass (11ms)
	initialDomainReloadingComplete (168ms)
	LoadAllAssembliesAndSetupDomain (1049ms)
		LoadAssemblies (1057ms)
		RebuildTransferFunctionScriptingTraits (0ms)
		AnalyzeDomain (264ms)
			TypeCache.Refresh (240ms)
				TypeCache.ScanAssembly (216ms)
			ScanForSourceGeneratedMonoScriptInfo (17ms)
			ResolveRequiredComponents (5ms)
	FinalizeReload (1023ms)
		ReleaseScriptCaches (0ms)
		RebuildScriptCaches (0ms)
		SetupLoadedEditorAssemblies (790ms)
			LogAssemblyErrors (0ms)
			InitializePlatformSupportModulesInManaged (77ms)
			SetLoadedEditorAssemblies (5ms)
			RefreshPlugins (0ms)
			BeforeProcessingInitializeOnLoad (192ms)
			ProcessInitializeOnLoadAttributes (397ms)
			ProcessInitializeOnLoadMethodAttributes (25ms)
			AfterProcessingInitializeOnLoad (93ms)
			EditorAssembliesLoaded (0ms)
		ExecutionOrderSort2 (0ms)
		AwakeInstancesAfterBackupRestoration (12ms)
Launched and connected shader compiler UnityShaderCompiler.exe after 0.09 seconds
Refreshing native plugins compatible for Editor in 68.00 ms, found 6 plugins.
Preloading 2 native plugins for Editor in 0.68 ms.
Unloading 3195 Unused Serialized files (Serialized files now loaded: 0)
Unloading 56 unused Assets / (102.1 KB). Loaded Objects now: 3980.
Memory consumption went from 145.2 MB to 145.1 MB.
Total: 3.601000 ms (FindLiveObjects: 0.332200 ms CreateObjectMapping: 0.139800 ms MarkObjects: 2.887900 ms  DeleteObjects: 0.239900 ms)

AssetImportParameters requested are different than current active one (requested -> active):
  custom:container-demuxer-ogg: 62fdf1f143b41e24485cea50d1cbac27 -> 
  custom:video-codec-MediaFoundation-h265: 746d11721c4dcdbdad8f713fa42b33f4 -> 
  custom:video-decoder-ogg-theora: a1e56fd34408186e4bbccfd4996cb3dc -> 
  custom:framework-win-MediaFoundation: 216162199b28c13a410421893ffa2e32 -> 
  custom:CustomObjectIndexerAttribute: 756ad292c208cfabdd7b50bc23989ffe -> 
  custom:container-demuxer-webm: 4f35f7cbe854078d1ac9338744f61a02 -> 
  custom:container-muxer-webm: aa71ff27fc2769a1b78a27578f13a17b -> 
  custom:video-decoder-webm-vp8: 9c59270c3fd7afecdb556c50c9e8de78 -> 
  custom:SearchIndexIgnoredProperties: e643bd26f0fe6173181afceb89e7c659 -> 
  custom:AudioImporter_EditorPlatform: d09bf68614088b80899f8185d706f6e7 -> 
  custom:video-encoder-webm-vp8: eb34c28f22e8b96e1ab97ce403110664 -> 
  custom:audio-decoder-ogg-vorbis: bf7c407c2cedff20999df2af8eb42d56 -> 
  custom:audio-encoder-webm-vorbis: bf7c407c2cedff20999df2af8eb42d56 -> 
========================================================================
Received Import Request.
  Time since last request: 2732.368674 seconds.
  path: Assets/model/bicycle/source
  artifactKey: Guid(d17919defe1d2cb4d9da7566e91375b1) Importer(815301076,1909f56bfc062723c751e8b465ee728b)
Start importing Assets/model/bicycle/source using Guid(d17919defe1d2cb4d9da7566e91375b1) Importer(815301076,1909f56bfc062723c751e8b465ee728b)  -> (artifact id: '55d0ae4fabcf2a52ff7e31f96e762122') in 0.002940 seconds
Number of updated asset objects reloaded before import = 0
Number of asset objects unloaded after import = 0
========================================================================
Received Import Request.
  Time since last request: 0.074816 seconds.
  path: Assets/model/bicycle/source/kolo.fbx
  artifactKey: Guid(eb003220c31fd4945ad0e92dd6fa9b90) Importer(815301076,1909f56bfc062723c751e8b465ee728b)
Start importing Assets/model/bicycle/source/kolo.fbx using Guid(eb003220c31fd4945ad0e92dd6fa9b90) Importer(815301076,1909f56bfc062723c751e8b465ee728b)  -> (artifact id: '0263224e99f77220a00d63b7ea989324') in 0.253637 seconds
Number of updated asset objects reloaded before import = 0
Number of asset objects unloaded after import = 14
========================================================================
Received Import Request.
  Time since last request: 80.032364 seconds.
  path: Assets/model/car/source
  artifactKey: Guid(19e9f5b95305e2d49852acbcc71e0299) Importer(815301076,1909f56bfc062723c751e8b465ee728b)
Start importing Assets/model/car/source using Guid(19e9f5b95305e2d49852acbcc71e0299) Importer(815301076,1909f56bfc062723c751e8b465ee728b)  -> (artifact id: '8d847d7fd1e2f8a82905237587cd66f8') in 0.000973 seconds
Number of updated asset objects reloaded before import = 0
Number of asset objects unloaded after import = 0
========================================================================
Received Import Request.
  Time since last request: 0.972439 seconds.
  path: Assets/model/car/source/02_ Car
  artifactKey: Guid(db7c5e71794d5f34ea10e4d360d3cfde) Importer(815301076,1909f56bfc062723c751e8b465ee728b)
Start importing Assets/model/car/source/02_ Car using Guid(db7c5e71794d5f34ea10e4d360d3cfde) Importer(815301076,1909f56bfc062723c751e8b465ee728b)  -> (artifact id: 'ac5fb33a295725645c5c5b9e50c981a4') in 0.000944 seconds
Number of updated asset objects reloaded before import = 0
Number of asset objects unloaded after import = 0
========================================================================
Received Import Request.
  Time since last request: 0.080680 seconds.
  path: Assets/model/car/source/02_ Car/Car.fbx
  artifactKey: Guid(27b7d3ef1d28ef84c8ec6589e7d1a937) Importer(815301076,1909f56bfc062723c751e8b465ee728b)
Start importing Assets/model/car/source/02_ Car/Car.fbx using Guid(27b7d3ef1d28ef84c8ec6589e7d1a937) Importer(815301076,1909f56bfc062723c751e8b465ee728b)  -> (artifact id: '20616d522368a12c014c9811be4cfbd7') in 0.921706 seconds
Number of updated asset objects reloaded before import = 0
Number of asset objects unloaded after import = 150
========================================================================
Received Import Request.
  Time since last request: 8.725161 seconds.
  path: Assets/model/car/textures/Car_albedo.jpeg
  artifactKey: Guid(e1a44832dfd7a4448a0618c32f5e7275) Importer(815301076,1909f56bfc062723c751e8b465ee728b)
Start importing Assets/model/car/textures/Car_albedo.jpeg using Guid(e1a44832dfd7a4448a0618c32f5e7275) Importer(815301076,1909f56bfc062723c751e8b465ee728b)  -> (artifact id: '0ab0a0aaaef10999b267106c9c6c22de') in 0.153432 seconds
Number of updated asset objects reloaded before import = 0
Number of asset objects unloaded after import = 2
========================================================================
Received Import Request.
  Time since last request: 0.000023 seconds.
  path: Assets/model/car/textures/Car_roughness.jpeg
  artifactKey: Guid(9f60d1a012efb60418dd9fb59522ce86) Importer(815301076,1909f56bfc062723c751e8b465ee728b)
Start importing Assets/model/car/textures/Car_roughness.jpeg using Guid(9f60d1a012efb60418dd9fb59522ce86) Importer(815301076,1909f56bfc062723c751e8b465ee728b)  -> (artifact id: 'f7201c2060c097104849ebee23934b6d') in 0.076090 seconds
Number of updated asset objects reloaded before import = 0
Number of asset objects unloaded after import = 2
========================================================================
Received Import Request.
  Time since last request: 0.000033 seconds.
  path: Assets/model/car/textures/Car_normal.png
  artifactKey: Guid(796f76e54cede28429e4477c4085e903) Importer(815301076,1909f56bfc062723c751e8b465ee728b)
Start importing Assets/model/car/textures/Car_normal.png using Guid(796f76e54cede28429e4477c4085e903) Importer(815301076,1909f56bfc062723c751e8b465ee728b)  -> (artifact id: '1bebce5c1ccc952410c9e2d27e8c8831') in 0.108255 seconds
Number of updated asset objects reloaded before import = 0
Number of asset objects unloaded after import = 2
========================================================================
Received Import Request.
  Time since last request: 0.000020 seconds.
  path: Assets/model/car/textures/internal_ground_ao_texture.jpeg
  artifactKey: Guid(342efab650e247345970311bab98cceb) Importer(815301076,1909f56bfc062723c751e8b465ee728b)
Start importing Assets/model/car/textures/internal_ground_ao_texture.jpeg using Guid(342efab650e247345970311bab98cceb) Importer(815301076,1909f56bfc062723c751e8b465ee728b)  -> (artifact id: '5bd817b648e47b534072346ab5ec808f') in 0.050089 seconds
Number of updated asset objects reloaded before import = 0
Number of asset objects unloaded after import = 2
========================================================================
Received Import Request.
  Time since last request: 35.077523 seconds.
  path: Assets/model/train/source/Train Metro Ginza Line 1000 Japan/Materials/depan.mat
  artifactKey: Guid(1fba91888ca2d474d8ab52c2149f3302) Importer(815301076,1909f56bfc062723c751e8b465ee728b)
Start importing Assets/model/train/source/Train Metro Ginza Line 1000 Japan/Materials/depan.mat using Guid(1fba91888ca2d474d8ab52c2149f3302) Importer(815301076,1909f56bfc062723c751e8b465ee728b)  -> (artifact id: '4624c1d04762a4f1ca3aa711a0bac880') in 0.058197 seconds
Number of updated asset objects reloaded before import = 0
Number of asset objects unloaded after import = 2
========================================================================
Received Import Request.
  Time since last request: 195.392860 seconds.
  path: Assets/model/helicopter/source
  artifactKey: Guid(edbd5ac60230aac439c957e48d7d7cf2) Importer(815301076,1909f56bfc062723c751e8b465ee728b)
Start importing Assets/model/helicopter/source using Guid(edbd5ac60230aac439c957e48d7d7cf2) Importer(815301076,1909f56bfc062723c751e8b465ee728b)  -> (artifact id: 'e9481c87b2a698b76bfd65401c212b05') in 0.001133 seconds
Number of updated asset objects reloaded before import = 0
Number of asset objects unloaded after import = 0
========================================================================
Received Import Request.
  Time since last request: 0.907794 seconds.
  path: Assets/model/helicopter/source/01_ Helicopter
  artifactKey: Guid(378d43db97fea9746ab09349807bdb64) Importer(815301076,1909f56bfc062723c751e8b465ee728b)
Start importing Assets/model/helicopter/source/01_ Helicopter using Guid(378d43db97fea9746ab09349807bdb64) Importer(815301076,1909f56bfc062723c751e8b465ee728b)  -> (artifact id: '47ab1ebdfa2fddf73eafc65ee3db26aa') in 0.000999 seconds
Number of updated asset objects reloaded before import = 0
Number of asset objects unloaded after import = 0
========================================================================
Received Import Request.
  Time since last request: 50.774574 seconds.
  path: Assets/model/ship/source
  artifactKey: Guid(cdbba24dc4919224ba6c600014753597) Importer(815301076,1909f56bfc062723c751e8b465ee728b)
Start importing Assets/model/ship/source using Guid(cdbba24dc4919224ba6c600014753597) Importer(815301076,1909f56bfc062723c751e8b465ee728b)  -> (artifact id: '1d138db9da96278b74ed60d757f0578e') in 0.000949 seconds
Number of updated asset objects reloaded before import = 0
Number of asset objects unloaded after import = 0
========================================================================
Received Import Request.
  Time since last request: 0.708777 seconds.
  path: Assets/model/ship/source/04_ Yacht
  artifactKey: Guid(9ec16cb1bffba5d41b2b9c33c13c74ed) Importer(815301076,1909f56bfc062723c751e8b465ee728b)
Start importing Assets/model/ship/source/04_ Yacht using Guid(9ec16cb1bffba5d41b2b9c33c13c74ed) Importer(815301076,1909f56bfc062723c751e8b465ee728b)  -> (artifact id: 'c38d5035b293bc791234b554c7f874c6') in 0.001082 seconds
Number of updated asset objects reloaded before import = 0
Number of asset objects unloaded after import = 0
========================================================================
Received Import Request.
  Time since last request: 0.081566 seconds.
  path: Assets/model/ship/source/04_ Yacht/Yacht4.fbx
  artifactKey: Guid(c207f888e6ef606419a06785d1b406d1) Importer(815301076,1909f56bfc062723c751e8b465ee728b)
Start importing Assets/model/ship/source/04_ Yacht/Yacht4.fbx using Guid(c207f888e6ef606419a06785d1b406d1) Importer(815301076,1909f56bfc062723c751e8b465ee728b)  -> (artifact id: '469ba6b623868e65715ea71739e21d1f') in 0.632667 seconds
Number of updated asset objects reloaded before import = 0
Number of asset objects unloaded after import = 152
========================================================================
Received Import Request.
  Time since last request: 0.278000 seconds.
  path: Assets/model/ship/source/04_ Yacht/Textures
  artifactKey: Guid(6cf2134a7aabde84cb741fb13e9aae52) Importer(815301076,1909f56bfc062723c751e8b465ee728b)
Start importing Assets/model/ship/source/04_ Yacht/Textures using Guid(6cf2134a7aabde84cb741fb13e9aae52) Importer(815301076,1909f56bfc062723c751e8b465ee728b)  -> (artifact id: '61d0f76d1c12c5845c7c258d6c0d6e43') in 0.001664 seconds
Number of updated asset objects reloaded before import = 0
Number of asset objects unloaded after import = 0
========================================================================
Received Import Request.
  Time since last request: 62.856338 seconds.
  path: Assets/model/scooter/source/SM_Vespa_.fbx
  artifactKey: Guid(7d234f86e8136bf4d830884b040086a9) Importer(815301076,1909f56bfc062723c751e8b465ee728b)
Start importing Assets/model/scooter/source/SM_Vespa_.fbx using Guid(7d234f86e8136bf4d830884b040086a9) Importer(815301076,1909f56bfc062723c751e8b465ee728b)  -> (artifact id: '98999d69af9dc5f582cfcb6b9d78f802') in 0.107332 seconds
Number of updated asset objects reloaded before import = 0
Number of asset objects unloaded after import = 20
========================================================================
Received Import Request.
  Time since last request: 7.553124 seconds.
  path: Assets/model/scooter/textures/SM_Vespa__M_Vespa1_Emissive.png
  artifactKey: Guid(bf9887ba63f40e24b8188670ac3ac03b) Importer(815301076,1909f56bfc062723c751e8b465ee728b)
Start importing Assets/model/scooter/textures/SM_Vespa__M_Vespa1_Emissive.png using Guid(bf9887ba63f40e24b8188670ac3ac03b) Importer(815301076,1909f56bfc062723c751e8b465ee728b)  -> (artifact id: 'd040e583d93a2b84df6e18eb6ba7689b') in 0.098421 seconds
Number of updated asset objects reloaded before import = 0
Number of asset objects unloaded after import = 2
========================================================================
Received Import Request.
  Time since last request: 0.000023 seconds.
  path: Assets/model/scooter/textures/SM_Vespa_M_Vespa1_Metallic.png
  artifactKey: Guid(446a28283d737054798884e57c70f6b8) Importer(815301076,1909f56bfc062723c751e8b465ee728b)
Start importing Assets/model/scooter/textures/SM_Vespa_M_Vespa1_Metallic.png using Guid(446a28283d737054798884e57c70f6b8) Importer(815301076,1909f56bfc062723c751e8b465ee728b)  -> (artifact id: '3265c8895b04aa52649cc6440f8bd73d') in 0.072921 seconds
Number of updated asset objects reloaded before import = 0
Number of asset objects unloaded after import = 2
========================================================================
Received Import Request.
  Time since last request: 0.000032 seconds.
  path: Assets/model/scooter/textures/SM_Vespa_M_Vespa1_Normal.png
  artifactKey: Guid(c9d8817f537f6854bbe831641426d420) Importer(815301076,1909f56bfc062723c751e8b465ee728b)
Start importing Assets/model/scooter/textures/SM_Vespa_M_Vespa1_Normal.png using Guid(c9d8817f537f6854bbe831641426d420) Importer(815301076,1909f56bfc062723c751e8b465ee728b)  -> (artifact id: '1f0d54234b2341805cc4964ecdfa5fee') in 0.103976 seconds
Number of updated asset objects reloaded before import = 0
Number of asset objects unloaded after import = 2
========================================================================
Received Import Request.
  Time since last request: 1.136320 seconds.
  path: Assets/model/scooter/Materials/SM_Vespa__M_Vespa1_Emissive.mat
  artifactKey: Guid(c79fcd0514368254eb1dd3dd0fa89b19) Importer(815301076,1909f56bfc062723c751e8b465ee728b)
Start importing Assets/model/scooter/Materials/SM_Vespa__M_Vespa1_Emissive.mat using Guid(c79fcd0514368254eb1dd3dd0fa89b19) Importer(815301076,1909f56bfc062723c751e8b465ee728b)  -> (artifact id: '39a05a78f67f51b3ee877deb14618d79') in 0.031805 seconds
Number of updated asset objects reloaded before import = 0
Number of asset objects unloaded after import = 2
Editor requested this worker to shutdown with reason: Scaling down because of idle timeout
TcpMessagingSession - receive error: operation aborted. errorcode: 995, details: 由于线程退出或应用程序请求，已中止 I/O 操作。
AssetImportWorker is now disconnected from the server
Process exiting
Exiting without the bug reporter. Application will terminate with return code 0