Using pre-set license
Built from '2022.3/china_unity/release' branch; Version is '2022.3.9f1c1 (2ad9a3c9b3f3) revision 2808227'; Using compiler version '192829333'; Build Type 'Release'
OS: 'Windows 11  (10.0.22631) 64bit CoreCountrySpecific' Language: 'zh' Physical Memory: 16236 MB
BatchMode: 1, IsHumanControllingUs: 0, StartBugReporterOnCrash: 0, Is64bit: 1, IsPro: 1

COMMAND LINE ARGUMENTS:
D:\unity\2022.3.9f1c1\Editor\Unity.exe
-adb2
-batchMode
-noUpm
-name
AssetImportWorker5
-projectPath
D:/xuniAR/Ar/Ar
-logFile
Logs/AssetImportWorker5.log
-srvPort
50755
Successfully changed project path to: D:/xuniAR/Ar/Ar
D:/xuniAR/Ar/Ar
[UnityMemory] Configuration Parameters - Can be set up in boot.config
    "memorysetup-bucket-allocator-granularity=16"
    "memorysetup-bucket-allocator-bucket-count=8"
    "memorysetup-bucket-allocator-block-size=33554432"
    "memorysetup-bucket-allocator-block-count=8"
    "memorysetup-main-allocator-block-size=16777216"
    "memorysetup-thread-allocator-block-size=16777216"
    "memorysetup-gfx-main-allocator-block-size=16777216"
    "memorysetup-gfx-thread-allocator-block-size=16777216"
    "memorysetup-cache-allocator-block-size=4194304"
    "memorysetup-typetree-allocator-block-size=2097152"
    "memorysetup-profiler-bucket-allocator-granularity=16"
    "memorysetup-profiler-bucket-allocator-bucket-count=8"
    "memorysetup-profiler-bucket-allocator-block-size=33554432"
    "memorysetup-profiler-bucket-allocator-block-count=8"
    "memorysetup-profiler-allocator-block-size=16777216"
    "memorysetup-profiler-editor-allocator-block-size=1048576"
    "memorysetup-temp-allocator-size-main=16777216"
    "memorysetup-job-temp-allocator-block-size=2097152"
    "memorysetup-job-temp-allocator-block-size-background=1048576"
    "memorysetup-job-temp-allocator-reduction-small-platforms=262144"
    "memorysetup-allocator-temp-initial-block-size-main=262144"
    "memorysetup-allocator-temp-initial-block-size-worker=262144"
    "memorysetup-temp-allocator-size-background-worker=32768"
    "memorysetup-temp-allocator-size-job-worker=262144"
    "memorysetup-temp-allocator-size-preload-manager=33554432"
    "memorysetup-temp-allocator-size-nav-mesh-worker=65536"
    "memorysetup-temp-allocator-size-audio-worker=65536"
    "memorysetup-temp-allocator-size-cloud-worker=32768"
    "memorysetup-temp-allocator-size-gi-baking-worker=262144"
    "memorysetup-temp-allocator-size-gfx=262144"
Player connection [5956] Host "[IP] 192.168.56.1 [Port] 0 [Flags] 2 [Guid] 258901682 [EditorId] 258901682 [Version] 1048832 [Id] WindowsEditor(7,抠鼻屎的小熊) [Debug] 1 [PackageName] WindowsEditor [ProjectName] Editor" joined multi-casting on [225.0.0.222:54997]...

Player connection [5956] Host "[IP] 192.168.56.1 [Port] 0 [Flags] 2 [Guid] 258901682 [EditorId] 258901682 [Version] 1048832 [Id] WindowsEditor(7,抠鼻屎的小熊) [Debug] 1 [PackageName] WindowsEditor [ProjectName] Editor" joined alternative multi-casting on [225.0.0.222:34997]...

[Physics::Module] Initialized MultithreadedJobDispatcher with 15 workers.
Refreshing native plugins compatible for Editor in 130.57 ms, found 6 plugins.
Preloading 2 native plugins for Editor in 6.71 ms.
Initialize engine version: 2022.3.9f1c1 (2ad9a3c9b3f3)
[Subsystems] Discovering subsystems at path D:/unity/2022.3.9f1c1/Editor/Data/Resources/UnitySubsystems
[Subsystems] Discovering subsystems at path D:/xuniAR/Ar/Ar/Assets
GfxDevice: creating device client; threaded=0; jobified=0
Direct3D:
    Version:  Direct3D 11.0 [level 11.1]
    Renderer: NVIDIA GeForce RTX 3050 Laptop GPU (ID=0x25e2)
    Vendor:   NVIDIA
    VRAM:     3977 MB
    Driver:   31.0.15.4630
Initialize mono
Mono path[0] = 'D:/unity/2022.3.9f1c1/Editor/Data/Managed'
Mono path[1] = 'D:/unity/2022.3.9f1c1/Editor/Data/MonoBleedingEdge/lib/mono/unityjit-win32'
Mono config path = 'D:/unity/2022.3.9f1c1/Editor/Data/MonoBleedingEdge/etc'
Using monoOptions --debugger-agent=transport=dt_socket,embedding=1,server=y,suspend=n,address=127.0.0.1:56296
Begin MonoManager ReloadAssembly
Registering precompiled unity dll's ...
Register platform support module: D:/unity/2022.3.9f1c1/Editor/Data/PlaybackEngines/AndroidPlayer/UnityEditor.Android.Extensions.dll
Register platform support module: D:/unity/2022.3.9f1c1/Editor/Data/PlaybackEngines/WindowsStandaloneSupport/UnityEditor.WindowsStandalone.Extensions.dll
Registered in 0.058734 seconds.
- Loaded All Assemblies, in  1.039 seconds
Native extension for WindowsStandalone target not found
Native extension for Android target not found
Android Extension - Scanning For ADB Devices 463 ms
Mono: successfully reloaded assembly
- Finished resetting the current domain, in  0.903 seconds
Domain Reload Profiling: 1903ms
	BeginReloadAssembly (444ms)
		ExecutionOrderSort (0ms)
		DisableScriptedObjects (0ms)
		BackupInstance (0ms)
		ReleaseScriptingObjects (0ms)
		CreateAndSetChildDomain (1ms)
	RebuildCommonClasses (61ms)
	RebuildNativeTypeToScriptingClass (10ms)
	initialDomainReloadingComplete (207ms)
	LoadAllAssembliesAndSetupDomain (277ms)
		LoadAssemblies (411ms)
		RebuildTransferFunctionScriptingTraits (0ms)
		AnalyzeDomain (266ms)
			TypeCache.Refresh (264ms)
				TypeCache.ScanAssembly (245ms)
			ScanForSourceGeneratedMonoScriptInfo (0ms)
			ResolveRequiredComponents (0ms)
	FinalizeReload (904ms)
		ReleaseScriptCaches (0ms)
		RebuildScriptCaches (0ms)
		SetupLoadedEditorAssemblies (833ms)
			LogAssemblyErrors (0ms)
			InitializePlatformSupportModulesInManaged (632ms)
			SetLoadedEditorAssemblies (5ms)
			RefreshPlugins (0ms)
			BeforeProcessingInitializeOnLoad (3ms)
			ProcessInitializeOnLoadAttributes (128ms)
			ProcessInitializeOnLoadMethodAttributes (64ms)
			AfterProcessingInitializeOnLoad (0ms)
			EditorAssembliesLoaded (0ms)
		ExecutionOrderSort2 (0ms)
		AwakeInstancesAfterBackupRestoration (0ms)
========================================================================
Worker process is ready to serve import requests
Begin MonoManager ReloadAssembly
Symbol file LoadedFromMemory is not a mono symbol file
- Loaded All Assemblies, in  1.695 seconds
Refreshing native plugins compatible for Editor in 69.17 ms, found 6 plugins.
Native extension for WindowsStandalone target not found
Native extension for Android target not found
Package Manager log level set to [2]
[Package Manager] Server::EnsureServerProcessIsRunning -- launch failed, reason: Unity was launched with the -noUpm command-line argument
[Package Manager] UpmClient::Send -- Unable to send message (not connected to UPM process).
[Package Manager] Cannot connect to Unity Package Manager local server
Mono: successfully reloaded assembly
- Finished resetting the current domain, in  0.956 seconds
Domain Reload Profiling: 2596ms
	BeginReloadAssembly (358ms)
		ExecutionOrderSort (0ms)
		DisableScriptedObjects (7ms)
		BackupInstance (0ms)
		ReleaseScriptingObjects (0ms)
		CreateAndSetChildDomain (27ms)
	RebuildCommonClasses (46ms)
	RebuildNativeTypeToScriptingClass (13ms)
	initialDomainReloadingComplete (155ms)
	LoadAllAssembliesAndSetupDomain (1066ms)
		LoadAssemblies (1028ms)
		RebuildTransferFunctionScriptingTraits (0ms)
		AnalyzeDomain (291ms)
			TypeCache.Refresh (266ms)
				TypeCache.ScanAssembly (238ms)
			ScanForSourceGeneratedMonoScriptInfo (18ms)
			ResolveRequiredComponents (7ms)
	FinalizeReload (957ms)
		ReleaseScriptCaches (0ms)
		RebuildScriptCaches (0ms)
		SetupLoadedEditorAssemblies (756ms)
			LogAssemblyErrors (0ms)
			InitializePlatformSupportModulesInManaged (59ms)
			SetLoadedEditorAssemblies (5ms)
			RefreshPlugins (0ms)
			BeforeProcessingInitializeOnLoad (168ms)
			ProcessInitializeOnLoadAttributes (417ms)
			ProcessInitializeOnLoadMethodAttributes (24ms)
			AfterProcessingInitializeOnLoad (83ms)
			EditorAssembliesLoaded (0ms)
		ExecutionOrderSort2 (0ms)
		AwakeInstancesAfterBackupRestoration (10ms)
Launched and connected shader compiler UnityShaderCompiler.exe after 0.09 seconds
Refreshing native plugins compatible for Editor in 66.41 ms, found 6 plugins.
Preloading 2 native plugins for Editor in 0.73 ms.
Unloading 3195 Unused Serialized files (Serialized files now loaded: 0)
Unloading 56 unused Assets / (101.9 KB). Loaded Objects now: 3980.
Memory consumption went from 144.6 MB to 144.5 MB.
Total: 3.633200 ms (FindLiveObjects: 0.313000 ms CreateObjectMapping: 0.182700 ms MarkObjects: 2.936300 ms  DeleteObjects: 0.200400 ms)

AssetImportParameters requested are different than current active one (requested -> active):
  custom:container-demuxer-ogg: 62fdf1f143b41e24485cea50d1cbac27 -> 
  custom:video-codec-MediaFoundation-h265: 746d11721c4dcdbdad8f713fa42b33f4 -> 
  custom:video-decoder-ogg-theora: a1e56fd34408186e4bbccfd4996cb3dc -> 
  custom:framework-win-MediaFoundation: 216162199b28c13a410421893ffa2e32 -> 
  custom:CustomObjectIndexerAttribute: 756ad292c208cfabdd7b50bc23989ffe -> 
  custom:container-demuxer-webm: 4f35f7cbe854078d1ac9338744f61a02 -> 
  custom:container-muxer-webm: aa71ff27fc2769a1b78a27578f13a17b -> 
  custom:video-decoder-webm-vp8: 9c59270c3fd7afecdb556c50c9e8de78 -> 
  custom:SearchIndexIgnoredProperties: e643bd26f0fe6173181afceb89e7c659 -> 
  custom:AudioImporter_EditorPlatform: d09bf68614088b80899f8185d706f6e7 -> 
  custom:video-encoder-webm-vp8: eb34c28f22e8b96e1ab97ce403110664 -> 
  custom:audio-decoder-ogg-vorbis: bf7c407c2cedff20999df2af8eb42d56 -> 
  custom:audio-encoder-webm-vorbis: bf7c407c2cedff20999df2af8eb42d56 -> 
========================================================================
Received Import Request.
  Time since last request: 2341.865247 seconds.
  path: Assets/model/motor/textures/6cb19c0b33b1466e9635ab6cd83e8b23.png
  artifactKey: Guid(d40032c469231e9468696a8a230f37b3) Importer(815301076,1909f56bfc062723c751e8b465ee728b)
Start importing Assets/model/motor/textures/6cb19c0b33b1466e9635ab6cd83e8b23.png using Guid(d40032c469231e9468696a8a230f37b3) Importer(815301076,1909f56bfc062723c751e8b465ee728b)  -> (artifact id: 'fe364d061e3d8416d51a7d08ea4212cb') in 0.254530 seconds
Number of updated asset objects reloaded before import = 0
Number of asset objects unloaded after import = 2
========================================================================
Received Import Request.
  Time since last request: 0.000025 seconds.
  path: Assets/model/motor/textures/shadow.png
  artifactKey: Guid(ec44963cb0dea574c8709ee5f22d72e6) Importer(815301076,1909f56bfc062723c751e8b465ee728b)
Start importing Assets/model/motor/textures/shadow.png using Guid(ec44963cb0dea574c8709ee5f22d72e6) Importer(815301076,1909f56bfc062723c751e8b465ee728b)  -> (artifact id: '75832d576d935a7af6f56db61f07c3c3') in 0.066008 seconds
Number of updated asset objects reloaded before import = 0
Number of asset objects unloaded after import = 2
========================================================================
Received Import Request.
  Time since last request: 337.083911 seconds.
  path: Assets/model/postapo-motorcycle-low/postapo-motorcycle-low/textures/base_low_handlebar_Metallic.png
  artifactKey: Guid(3b0a240b1dfb5fc418885b29d331d7bf) Importer(815301076,1909f56bfc062723c751e8b465ee728b)
Start importing Assets/model/postapo-motorcycle-low/postapo-motorcycle-low/textures/base_low_handlebar_Metallic.png using Guid(3b0a240b1dfb5fc418885b29d331d7bf) Importer(815301076,1909f56bfc062723c751e8b465ee728b)  -> (artifact id: 'bb60b2ec5175a73521ebcbc8e00c0a4e') in 0.144109 seconds
Number of updated asset objects reloaded before import = 0
Number of asset objects unloaded after import = 2
========================================================================
Received Import Request.
  Time since last request: 0.000028 seconds.
  path: Assets/model/postapo-motorcycle-low/postapo-motorcycle-low/textures/base_low_owiewki_BaseColor.png
  artifactKey: Guid(428a717955bd4934f86b5356e123ed9a) Importer(815301076,1909f56bfc062723c751e8b465ee728b)
Start importing Assets/model/postapo-motorcycle-low/postapo-motorcycle-low/textures/base_low_owiewki_BaseColor.png using Guid(428a717955bd4934f86b5356e123ed9a) Importer(815301076,1909f56bfc062723c751e8b465ee728b)  -> (artifact id: 'fa762ca977ab63d29214606852d0e61a') in 0.096790 seconds
Number of updated asset objects reloaded before import = 0
Number of asset objects unloaded after import = 2
========================================================================
Received Import Request.
  Time since last request: 0.000047 seconds.
  path: Assets/model/postapo-motorcycle-low/postapo-motorcycle-low/textures/base_low_siedzisko1_Metallic.png
  artifactKey: Guid(01603817a1d16a242bf60dd3f44ccef3) Importer(815301076,1909f56bfc062723c751e8b465ee728b)
Start importing Assets/model/postapo-motorcycle-low/postapo-motorcycle-low/textures/base_low_siedzisko1_Metallic.png using Guid(01603817a1d16a242bf60dd3f44ccef3) Importer(815301076,1909f56bfc062723c751e8b465ee728b)  -> (artifact id: '12da1022d9b8a2990bd7362161e9c1a4') in 0.081529 seconds
Number of updated asset objects reloaded before import = 0
Number of asset objects unloaded after import = 2
========================================================================
Received Import Request.
  Time since last request: 0.000037 seconds.
  path: Assets/model/postapo-motorcycle-low/postapo-motorcycle-low/textures/boki_low_naboje_bok_2_Normal.png
  artifactKey: Guid(656b97ac000a5fc4a9259afae85c3757) Importer(815301076,1909f56bfc062723c751e8b465ee728b)
Start importing Assets/model/postapo-motorcycle-low/postapo-motorcycle-low/textures/boki_low_naboje_bok_2_Normal.png using Guid(656b97ac000a5fc4a9259afae85c3757) Importer(815301076,1909f56bfc062723c751e8b465ee728b)  -> (artifact id: '1ed3636c754dbbd64bf0d9ebb75b9544') in 0.128214 seconds
Number of updated asset objects reloaded before import = 0
Number of asset objects unloaded after import = 2
========================================================================
Received Import Request.
  Time since last request: 0.000025 seconds.
  path: Assets/model/postapo-motorcycle-low/postapo-motorcycle-low/textures/base_low_przod_Metallic.png
  artifactKey: Guid(163c6fcc387379c4b8f6fc6686e634d5) Importer(815301076,1909f56bfc062723c751e8b465ee728b)
Start importing Assets/model/postapo-motorcycle-low/postapo-motorcycle-low/textures/base_low_przod_Metallic.png using Guid(163c6fcc387379c4b8f6fc6686e634d5) Importer(815301076,1909f56bfc062723c751e8b465ee728b)  -> (artifact id: '3c26bca3a365a81ba1d52efb98fe9962') in 0.111409 seconds
Number of updated asset objects reloaded before import = 0
Number of asset objects unloaded after import = 2
========================================================================
Received Import Request.
  Time since last request: 0.000028 seconds.
  path: Assets/model/postapo-motorcycle-low/postapo-motorcycle-low/textures/boki_low_karabiny_bok_Normal.png
  artifactKey: Guid(2fa4361a99a086a46a5df4b1d0c4a828) Importer(815301076,1909f56bfc062723c751e8b465ee728b)
Start importing Assets/model/postapo-motorcycle-low/postapo-motorcycle-low/textures/boki_low_karabiny_bok_Normal.png using Guid(2fa4361a99a086a46a5df4b1d0c4a828) Importer(815301076,1909f56bfc062723c751e8b465ee728b)  -> (artifact id: 'c3f59275846072d6af1ebb593e79bf47') in 0.102858 seconds
Number of updated asset objects reloaded before import = 0
Number of asset objects unloaded after import = 2
========================================================================
Received Import Request.
  Time since last request: 0.000041 seconds.
  path: Assets/model/postapo-motorcycle-low/postapo-motorcycle-low/textures/base_low_rama_tyl_BaseColor.png
  artifactKey: Guid(ce4d446baaae2064d8233efd277666c2) Importer(815301076,1909f56bfc062723c751e8b465ee728b)
Start importing Assets/model/postapo-motorcycle-low/postapo-motorcycle-low/textures/base_low_rama_tyl_BaseColor.png using Guid(ce4d446baaae2064d8233efd277666c2) Importer(815301076,1909f56bfc062723c751e8b465ee728b)  -> (artifact id: '7b35da41422d63362f7cef21879bedd6') in 0.108442 seconds
Number of updated asset objects reloaded before import = 0
Number of asset objects unloaded after import = 2
========================================================================
Received Import Request.
  Time since last request: 0.000055 seconds.
  path: Assets/model/postapo-motorcycle-low/postapo-motorcycle-low/textures/base_low_owiewki_Metallic.png
  artifactKey: Guid(513499a1fd6da7747a175b709082cb8d) Importer(815301076,1909f56bfc062723c751e8b465ee728b)
Start importing Assets/model/postapo-motorcycle-low/postapo-motorcycle-low/textures/base_low_owiewki_Metallic.png using Guid(513499a1fd6da7747a175b709082cb8d) Importer(815301076,1909f56bfc062723c751e8b465ee728b)  -> (artifact id: 'ae61db69b37446ea97959e4ad0ad0ec4') in 0.097232 seconds
Number of updated asset objects reloaded before import = 0
Number of asset objects unloaded after import = 2
========================================================================
Received Import Request.
  Time since last request: 0.000022 seconds.
  path: Assets/model/postapo-motorcycle-low/postapo-motorcycle-low/textures/boki_low_naboje_bok_2_BaseColor.png
  artifactKey: Guid(ed1be3c5c2a118248abf195d7664c2d7) Importer(815301076,1909f56bfc062723c751e8b465ee728b)
Start importing Assets/model/postapo-motorcycle-low/postapo-motorcycle-low/textures/boki_low_naboje_bok_2_BaseColor.png using Guid(ed1be3c5c2a118248abf195d7664c2d7) Importer(815301076,1909f56bfc062723c751e8b465ee728b)  -> (artifact id: '2e3a96385bc3ee3dc2e727b50865853c') in 0.123832 seconds
Number of updated asset objects reloaded before import = 0
Number of asset objects unloaded after import = 2
========================================================================
Received Import Request.
  Time since last request: 0.000030 seconds.
  path: Assets/model/postapo-motorcycle-low/postapo-motorcycle-low/textures/base_low_lusterka_BaseColor.png
  artifactKey: Guid(d9dfd61aba9857940864019e43759f1a) Importer(815301076,1909f56bfc062723c751e8b465ee728b)
Start importing Assets/model/postapo-motorcycle-low/postapo-motorcycle-low/textures/base_low_lusterka_BaseColor.png using Guid(d9dfd61aba9857940864019e43759f1a) Importer(815301076,1909f56bfc062723c751e8b465ee728b)  -> (artifact id: '869200eb09003a844a4bb6b15a3ee298') in 0.116189 seconds
Number of updated asset objects reloaded before import = 0
Number of asset objects unloaded after import = 2
========================================================================
Received Import Request.
  Time since last request: 0.000037 seconds.
  path: Assets/model/postapo-motorcycle-low/postapo-motorcycle-low/textures/boki_low_karabiny_bok_Metallic.png
  artifactKey: Guid(e5c7858779f11354aa20a7c2ef3315da) Importer(815301076,1909f56bfc062723c751e8b465ee728b)
Start importing Assets/model/postapo-motorcycle-low/postapo-motorcycle-low/textures/boki_low_karabiny_bok_Metallic.png using Guid(e5c7858779f11354aa20a7c2ef3315da) Importer(815301076,1909f56bfc062723c751e8b465ee728b)  -> (artifact id: '12e1f2792f7c3495ab160bc6708bf88a') in 0.099772 seconds
Number of updated asset objects reloaded before import = 0
Number of asset objects unloaded after import = 2
========================================================================
Received Import Request.
  Time since last request: 0.000039 seconds.
  path: Assets/model/postapo-motorcycle-low/postapo-motorcycle-low/textures/base_low_przod_Roughness.png
  artifactKey: Guid(42b1108dadd184c41ad24531f194a03b) Importer(815301076,1909f56bfc062723c751e8b465ee728b)
Start importing Assets/model/postapo-motorcycle-low/postapo-motorcycle-low/textures/base_low_przod_Roughness.png using Guid(42b1108dadd184c41ad24531f194a03b) Importer(815301076,1909f56bfc062723c751e8b465ee728b)  -> (artifact id: '796f0cf7ca6095a07a3b183ae8eba741') in 0.097907 seconds
Number of updated asset objects reloaded before import = 0
Number of asset objects unloaded after import = 2
========================================================================
Received Import Request.
  Time since last request: 0.000064 seconds.
  path: Assets/model/postapo-motorcycle-low/postapo-motorcycle-low/textures/base_low_kierownica_Normal.png
  artifactKey: Guid(fea692b4b61c48d49b848a8ea372be68) Importer(815301076,1909f56bfc062723c751e8b465ee728b)
Start importing Assets/model/postapo-motorcycle-low/postapo-motorcycle-low/textures/base_low_kierownica_Normal.png using Guid(fea692b4b61c48d49b848a8ea372be68) Importer(815301076,1909f56bfc062723c751e8b465ee728b)  -> (artifact id: 'f0d358c0991bd256d772d203331e681c') in 0.101573 seconds
Number of updated asset objects reloaded before import = 0
Number of asset objects unloaded after import = 2
========================================================================
Received Import Request.
  Time since last request: 0.000035 seconds.
  path: Assets/model/postapo-motorcycle-low/postapo-motorcycle-low/textures/base_low_siedzisko1_Roughness.png
  artifactKey: Guid(d7d5513be1445a5409e35d2728b9287b) Importer(815301076,1909f56bfc062723c751e8b465ee728b)
Start importing Assets/model/postapo-motorcycle-low/postapo-motorcycle-low/textures/base_low_siedzisko1_Roughness.png using Guid(d7d5513be1445a5409e35d2728b9287b) Importer(815301076,1909f56bfc062723c751e8b465ee728b)  -> (artifact id: '145ba4b482a9d1cefc65602c9cf52b7c') in 0.102876 seconds
Number of updated asset objects reloaded before import = 0
Number of asset objects unloaded after import = 2
========================================================================
Received Import Request.
  Time since last request: 0.000022 seconds.
  path: Assets/model/postapo-motorcycle-low/postapo-motorcycle-low/textures/boki_low_wydechy_motur_BaseColor.png
  artifactKey: Guid(0de78c858f921204abef85e3cfd2c9fe) Importer(815301076,1909f56bfc062723c751e8b465ee728b)
Start importing Assets/model/postapo-motorcycle-low/postapo-motorcycle-low/textures/boki_low_wydechy_motur_BaseColor.png using Guid(0de78c858f921204abef85e3cfd2c9fe) Importer(815301076,1909f56bfc062723c751e8b465ee728b)  -> (artifact id: '368b4f189ac74fa898bfcc6e4437b14f') in 0.138746 seconds
Number of updated asset objects reloaded before import = 0
Number of asset objects unloaded after import = 2
========================================================================
Received Import Request.
  Time since last request: 0.000026 seconds.
  path: Assets/model/postapo-motorcycle-low/postapo-motorcycle-low/textures/base_low_owiewki_Normal.png
  artifactKey: Guid(e4d975bd6702d6d45b6a5fcb40395d4f) Importer(815301076,1909f56bfc062723c751e8b465ee728b)
Start importing Assets/model/postapo-motorcycle-low/postapo-motorcycle-low/textures/base_low_owiewki_Normal.png using Guid(e4d975bd6702d6d45b6a5fcb40395d4f) Importer(815301076,1909f56bfc062723c751e8b465ee728b)  -> (artifact id: '8a2854de99dae89b840348ae4d43f53b') in 0.111954 seconds
Number of updated asset objects reloaded before import = 0
Number of asset objects unloaded after import = 2
========================================================================
Received Import Request.
  Time since last request: 0.000037 seconds.
  path: Assets/model/postapo-motorcycle-low/postapo-motorcycle-low/textures/base_low_rama_tyl_Metallic.png
  artifactKey: Guid(dd9eda1e14ed8274e9693f4fd48454eb) Importer(815301076,1909f56bfc062723c751e8b465ee728b)
Start importing Assets/model/postapo-motorcycle-low/postapo-motorcycle-low/textures/base_low_rama_tyl_Metallic.png using Guid(dd9eda1e14ed8274e9693f4fd48454eb) Importer(815301076,1909f56bfc062723c751e8b465ee728b)  -> (artifact id: 'b265cf1fd4b623b95fde3b5b014acae3') in 0.109513 seconds
Number of updated asset objects reloaded before import = 0
Number of asset objects unloaded after import = 2
========================================================================
Received Import Request.
  Time since last request: 0.000023 seconds.
  path: Assets/model/postapo-motorcycle-low/postapo-motorcycle-low/textures/base_low_przod_Normal.png
  artifactKey: Guid(4f2d93ee5d0f04e47b749cd9187f65a6) Importer(815301076,1909f56bfc062723c751e8b465ee728b)
Start importing Assets/model/postapo-motorcycle-low/postapo-motorcycle-low/textures/base_low_przod_Normal.png using Guid(4f2d93ee5d0f04e47b749cd9187f65a6) Importer(815301076,1909f56bfc062723c751e8b465ee728b)  -> (artifact id: '7ab385748235bc38f1993c19d9216cc4') in 0.116632 seconds
Number of updated asset objects reloaded before import = 0
Number of asset objects unloaded after import = 2
========================================================================
Received Import Request.
  Time since last request: 0.000022 seconds.
  path: Assets/model/postapo-motorcycle-low/postapo-motorcycle-low/textures/base_low_handlebar_Roughness.png
  artifactKey: Guid(db957077d699bb645be044034396428b) Importer(815301076,1909f56bfc062723c751e8b465ee728b)
Start importing Assets/model/postapo-motorcycle-low/postapo-motorcycle-low/textures/base_low_handlebar_Roughness.png using Guid(db957077d699bb645be044034396428b) Importer(815301076,1909f56bfc062723c751e8b465ee728b)  -> (artifact id: '8226ace09aba5e02245f815b2847acd2') in 0.114985 seconds
Number of updated asset objects reloaded before import = 0
Number of asset objects unloaded after import = 2
========================================================================
Received Import Request.
  Time since last request: 0.000040 seconds.
  path: Assets/model/postapo-motorcycle-low/postapo-motorcycle-low/textures/base_low_lusterka_Normal.png
  artifactKey: Guid(24fb14031cc2ce448b7cd84650196b8e) Importer(815301076,1909f56bfc062723c751e8b465ee728b)
Start importing Assets/model/postapo-motorcycle-low/postapo-motorcycle-low/textures/base_low_lusterka_Normal.png using Guid(24fb14031cc2ce448b7cd84650196b8e) Importer(815301076,1909f56bfc062723c751e8b465ee728b)  -> (artifact id: 'e08e2119e59343729a78caa9f2b15e16') in 0.115894 seconds
Number of updated asset objects reloaded before import = 0
Number of asset objects unloaded after import = 2
========================================================================
Received Import Request.
  Time since last request: 0.516334 seconds.
  path: Assets/model/postapo-motorcycle-low/postapo-motorcycle-low/textures/boki_low_wydechy_motur_Normal.png
  artifactKey: Guid(acbd3c3940abd88408b8b8629b9e7a1c) Importer(815301076,1909f56bfc062723c751e8b465ee728b)
Start importing Assets/model/postapo-motorcycle-low/postapo-motorcycle-low/textures/boki_low_wydechy_motur_Normal.png using Guid(acbd3c3940abd88408b8b8629b9e7a1c) Importer(815301076,1909f56bfc062723c751e8b465ee728b)  -> (artifact id: 'ecad62c0d967e515cdf60f7a3170a54d') in 0.117357 seconds
Number of updated asset objects reloaded before import = 0
Number of asset objects unloaded after import = 2
========================================================================
Received Import Request.
  Time since last request: 0.000039 seconds.
  path: Assets/model/postapo-motorcycle-low/postapo-motorcycle-low/textures/bron_low_bron_przod_Normal.png
  artifactKey: Guid(4057fc157c9402d4eae072496f35e0ad) Importer(815301076,1909f56bfc062723c751e8b465ee728b)
Start importing Assets/model/postapo-motorcycle-low/postapo-motorcycle-low/textures/bron_low_bron_przod_Normal.png using Guid(4057fc157c9402d4eae072496f35e0ad) Importer(815301076,1909f56bfc062723c751e8b465ee728b)  -> (artifact id: 'b555206580906bb37d9a42bda4adaafc') in 0.106536 seconds
Number of updated asset objects reloaded before import = 0
Number of asset objects unloaded after import = 2
========================================================================
Received Import Request.
  Time since last request: 0.000040 seconds.
  path: Assets/model/postapo-motorcycle-low/postapo-motorcycle-low/textures/bron_low_lufa_kolo_Metallic.png
  artifactKey: Guid(ebc199826ede3ea4ea9351a9673e5384) Importer(815301076,1909f56bfc062723c751e8b465ee728b)
Start importing Assets/model/postapo-motorcycle-low/postapo-motorcycle-low/textures/bron_low_lufa_kolo_Metallic.png using Guid(ebc199826ede3ea4ea9351a9673e5384) Importer(815301076,1909f56bfc062723c751e8b465ee728b)  -> (artifact id: '60fbdef0bdc45041c4e8b7ea7fe4c973') in 0.095488 seconds
Number of updated asset objects reloaded before import = 0
Number of asset objects unloaded after import = 2
========================================================================
Received Import Request.
  Time since last request: 0.000031 seconds.
  path: Assets/model/postapo-motorcycle-low/postapo-motorcycle-low/textures/gauges_low_gauges_Metallic.png
  artifactKey: Guid(c3c16d60487034a469cafd5a916d3888) Importer(815301076,1909f56bfc062723c751e8b465ee728b)
Start importing Assets/model/postapo-motorcycle-low/postapo-motorcycle-low/textures/gauges_low_gauges_Metallic.png using Guid(c3c16d60487034a469cafd5a916d3888) Importer(815301076,1909f56bfc062723c751e8b465ee728b)  -> (artifact id: 'faadab3f197eb6d52e0f2b460d4a165a') in 0.078863 seconds
Number of updated asset objects reloaded before import = 0
Number of asset objects unloaded after import = 2
========================================================================
Received Import Request.
  Time since last request: 0.000017 seconds.
  path: Assets/model/postapo-motorcycle-low/postapo-motorcycle-low/textures/bron_low_lufa_kolo_BaseColor.png
  artifactKey: Guid(650b43adef138f6478b5183bd0ef7e85) Importer(815301076,1909f56bfc062723c751e8b465ee728b)
Start importing Assets/model/postapo-motorcycle-low/postapo-motorcycle-low/textures/bron_low_lufa_kolo_BaseColor.png using Guid(650b43adef138f6478b5183bd0ef7e85) Importer(815301076,1909f56bfc062723c751e8b465ee728b)  -> (artifact id: 'ba58b3a0db184f11f7b0104d8d5409f0') in 0.072961 seconds
Number of updated asset objects reloaded before import = 0
Number of asset objects unloaded after import = 2
========================================================================
Received Import Request.
  Time since last request: 0.000023 seconds.
  path: Assets/model/postapo-motorcycle-low/postapo-motorcycle-low/textures/bron_low_bron_przod_Roughness.png
  artifactKey: Guid(a907fcab7d569bb4494b9dcc575302fc) Importer(815301076,1909f56bfc062723c751e8b465ee728b)
Start importing Assets/model/postapo-motorcycle-low/postapo-motorcycle-low/textures/bron_low_bron_przod_Roughness.png using Guid(a907fcab7d569bb4494b9dcc575302fc) Importer(815301076,1909f56bfc062723c751e8b465ee728b)  -> (artifact id: '1a6cd03b05d8a547545763a26d824b40') in 0.066748 seconds
Number of updated asset objects reloaded before import = 0
Number of asset objects unloaded after import = 2
========================================================================
Received Import Request.
  Time since last request: 0.000027 seconds.
  path: Assets/model/postapo-motorcycle-low/postapo-motorcycle-low/textures/gauges_low_gauges_Normal.png
  artifactKey: Guid(5164dbe4f4215eb4ab070f7b38e35b08) Importer(815301076,1909f56bfc062723c751e8b465ee728b)
Start importing Assets/model/postapo-motorcycle-low/postapo-motorcycle-low/textures/gauges_low_gauges_Normal.png using Guid(5164dbe4f4215eb4ab070f7b38e35b08) Importer(815301076,1909f56bfc062723c751e8b465ee728b)  -> (artifact id: '0fea23975eb70b7fde6830c39f5052fa') in 0.090986 seconds
Number of updated asset objects reloaded before import = 0
Number of asset objects unloaded after import = 2
========================================================================
Received Import Request.
  Time since last request: 0.000017 seconds.
  path: Assets/model/postapo-motorcycle-low/postapo-motorcycle-low/textures/bron_low_laserki_Roughness.png
  artifactKey: Guid(47232d6a3fd82414faa3421baed3cd5f) Importer(815301076,1909f56bfc062723c751e8b465ee728b)
Start importing Assets/model/postapo-motorcycle-low/postapo-motorcycle-low/textures/bron_low_laserki_Roughness.png using Guid(47232d6a3fd82414faa3421baed3cd5f) Importer(815301076,1909f56bfc062723c751e8b465ee728b)  -> (artifact id: '4726ea3c36c261527dd59bd8c5ec26f1') in 0.081242 seconds
Number of updated asset objects reloaded before import = 0
Number of asset objects unloaded after import = 2
========================================================================
Received Import Request.
  Time since last request: 0.000025 seconds.
  path: Assets/model/postapo-motorcycle-low/postapo-motorcycle-low/textures/bron_low_bron_przod_BaseColor.png
  artifactKey: Guid(79dfaef44e60a2f449bd5c42cdc83fd1) Importer(815301076,1909f56bfc062723c751e8b465ee728b)
Start importing Assets/model/postapo-motorcycle-low/postapo-motorcycle-low/textures/bron_low_bron_przod_BaseColor.png using Guid(79dfaef44e60a2f449bd5c42cdc83fd1) Importer(815301076,1909f56bfc062723c751e8b465ee728b)  -> (artifact id: 'cf7d5ba5ba70bd62489dcc1f75c56419') in 0.083209 seconds
Number of updated asset objects reloaded before import = 0
Number of asset objects unloaded after import = 2
========================================================================
Received Import Request.
  Time since last request: 0.000037 seconds.
  path: Assets/model/postapo-motorcycle-low/postapo-motorcycle-low/textures/boki_low_wydechy_motur_Roughness.png
  artifactKey: Guid(ac8885851b649aa499ab2796e63d5c82) Importer(815301076,1909f56bfc062723c751e8b465ee728b)
Start importing Assets/model/postapo-motorcycle-low/postapo-motorcycle-low/textures/boki_low_wydechy_motur_Roughness.png using Guid(ac8885851b649aa499ab2796e63d5c82) Importer(815301076,1909f56bfc062723c751e8b465ee728b)  -> (artifact id: 'b4f91c974222813507767d87981c2d62') in 0.080885 seconds
Number of updated asset objects reloaded before import = 0
Number of asset objects unloaded after import = 2
========================================================================
Received Import Request.
  Time since last request: 0.000029 seconds.
  path: Assets/model/postapo-motorcycle-low/postapo-motorcycle-low/textures/bron_low_laserki_Metallic.png
  artifactKey: Guid(5752565cd57d70145a855250f667f69b) Importer(815301076,1909f56bfc062723c751e8b465ee728b)
Start importing Assets/model/postapo-motorcycle-low/postapo-motorcycle-low/textures/bron_low_laserki_Metallic.png using Guid(5752565cd57d70145a855250f667f69b) Importer(815301076,1909f56bfc062723c751e8b465ee728b)  -> (artifact id: '82185a15df22295fe5692ad4e433a06e') in 0.078686 seconds
Number of updated asset objects reloaded before import = 0
Number of asset objects unloaded after import = 2
========================================================================
Received Import Request.
  Time since last request: 0.000018 seconds.
  path: Assets/model/postapo-motorcycle-low/postapo-motorcycle-low/textures/bron_low_naboje_Normal.png
  artifactKey: Guid(efcea817035aa26479d96e5ab83ab6fc) Importer(815301076,1909f56bfc062723c751e8b465ee728b)
Start importing Assets/model/postapo-motorcycle-low/postapo-motorcycle-low/textures/bron_low_naboje_Normal.png using Guid(efcea817035aa26479d96e5ab83ab6fc) Importer(815301076,1909f56bfc062723c751e8b465ee728b)  -> (artifact id: 'e1a9c68f8310c8391b1bdbf2573ffefa') in 0.092744 seconds
Number of updated asset objects reloaded before import = 0
Number of asset objects unloaded after import = 2
========================================================================
Received Import Request.
  Time since last request: 0.000020 seconds.
  path: Assets/model/postapo-motorcycle-low/postapo-motorcycle-low/textures/bron_low_bron_przod_Metallic.png
  artifactKey: Guid(c5021c7b54cf64e4385d2c4c2603debe) Importer(815301076,1909f56bfc062723c751e8b465ee728b)
Start importing Assets/model/postapo-motorcycle-low/postapo-motorcycle-low/textures/bron_low_bron_przod_Metallic.png using Guid(c5021c7b54cf64e4385d2c4c2603debe) Importer(815301076,1909f56bfc062723c751e8b465ee728b)  -> (artifact id: 'bc9324e499452f11bd49acb2402a66a1') in 0.078686 seconds
Number of updated asset objects reloaded before import = 0
Number of asset objects unloaded after import = 2
========================================================================
Received Import Request.
  Time since last request: 0.000024 seconds.
  path: Assets/model/postapo-motorcycle-low/postapo-motorcycle-low/textures/ENGINE_LOW_tloki_Metallic.png
  artifactKey: Guid(535754b0ed451f144ad52472cf486e1b) Importer(815301076,1909f56bfc062723c751e8b465ee728b)
Start importing Assets/model/postapo-motorcycle-low/postapo-motorcycle-low/textures/ENGINE_LOW_tloki_Metallic.png using Guid(535754b0ed451f144ad52472cf486e1b) Importer(815301076,1909f56bfc062723c751e8b465ee728b)  -> (artifact id: '816df5a968cfb0debfaac8642009f7ee') in 0.058441 seconds
Number of updated asset objects reloaded before import = 0
Number of asset objects unloaded after import = 2
========================================================================
Received Import Request.
  Time since last request: 0.000050 seconds.
  path: Assets/model/postapo-motorcycle-low/postapo-motorcycle-low/textures/bron_low_laserki_Normal.png
  artifactKey: Guid(f54529b49333e2f4ea80a63c4bc48317) Importer(815301076,1909f56bfc062723c751e8b465ee728b)
Start importing Assets/model/postapo-motorcycle-low/postapo-motorcycle-low/textures/bron_low_laserki_Normal.png using Guid(f54529b49333e2f4ea80a63c4bc48317) Importer(815301076,1909f56bfc062723c751e8b465ee728b)  -> (artifact id: 'cc94d773ef6648fae33f936930844e21') in 0.086269 seconds
Number of updated asset objects reloaded before import = 0
Number of asset objects unloaded after import = 2
========================================================================
Received Import Request.
  Time since last request: 1.915915 seconds.
  path: Assets/model/postapo-motorcycle-low/postapo-motorcycle-low/textures/kolo_low_felgi_BaseColor.png
  artifactKey: Guid(1fd322a5cc9b6c043a4009c1a036f494) Importer(815301076,1909f56bfc062723c751e8b465ee728b)
Start importing Assets/model/postapo-motorcycle-low/postapo-motorcycle-low/textures/kolo_low_felgi_BaseColor.png using Guid(1fd322a5cc9b6c043a4009c1a036f494) Importer(815301076,1909f56bfc062723c751e8b465ee728b)  -> (artifact id: 'e44c72bec5217d21511619c0e6f98976') in 0.102098 seconds
Number of updated asset objects reloaded before import = 0
Number of asset objects unloaded after import = 2
========================================================================
Received Import Request.
  Time since last request: 0.000024 seconds.
  path: Assets/model/postapo-motorcycle-low/postapo-motorcycle-low/textures/kolo_low_opona_Normal.png
  artifactKey: Guid(d4c14e0fbddd00d429ea76942c0cbde9) Importer(815301076,1909f56bfc062723c751e8b465ee728b)
Start importing Assets/model/postapo-motorcycle-low/postapo-motorcycle-low/textures/kolo_low_opona_Normal.png using Guid(d4c14e0fbddd00d429ea76942c0cbde9) Importer(815301076,1909f56bfc062723c751e8b465ee728b)  -> (artifact id: '127dc3537168ca31f85cb5ec27efe484') in 0.085129 seconds
Number of updated asset objects reloaded before import = 0
Number of asset objects unloaded after import = 2
========================================================================
Received Import Request.
  Time since last request: 0.000082 seconds.
  path: Assets/model/postapo-motorcycle-low/postapo-motorcycle-low/textures/kolo_low_opona_Metallic.png
  artifactKey: Guid(4657176f5a7275840844a6ec02a3edf3) Importer(815301076,1909f56bfc062723c751e8b465ee728b)
Start importing Assets/model/postapo-motorcycle-low/postapo-motorcycle-low/textures/kolo_low_opona_Metallic.png using Guid(4657176f5a7275840844a6ec02a3edf3) Importer(815301076,1909f56bfc062723c751e8b465ee728b)  -> (artifact id: '0be1500db6f43263c427b2099d9b4911') in 0.104882 seconds
Number of updated asset objects reloaded before import = 0
Number of asset objects unloaded after import = 2
========================================================================
Received Import Request.
  Time since last request: 0.000037 seconds.
  path: Assets/model/postapo-motorcycle-low/postapo-motorcycle-low/textures/kolo_low_felgi_Metallic.png
  artifactKey: Guid(5ec824149ef5a9a43bab18e23332f817) Importer(815301076,1909f56bfc062723c751e8b465ee728b)
Start importing Assets/model/postapo-motorcycle-low/postapo-motorcycle-low/textures/kolo_low_felgi_Metallic.png using Guid(5ec824149ef5a9a43bab18e23332f817) Importer(815301076,1909f56bfc062723c751e8b465ee728b)  -> (artifact id: 'a8cf9cd5db05fecfce0d9aed336232cd') in 0.094490 seconds
Number of updated asset objects reloaded before import = 0
Number of asset objects unloaded after import = 2
Editor requested this worker to shutdown with reason: Scaling down because of idle timeout
TcpMessagingSession - receive error: operation aborted. errorcode: 995, details: 由于线程退出或应用程序请求，已中止 I/O 操作。
AssetImportWorker is now disconnected from the server
Process exiting
Exiting without the bug reporter. Application will terminate with return code 0